Arguments: 
  /Users/ably/.nvm/versions/node/v11.2.0/bin/node /Users/ably/.nvm/versions/node/v11.2.0/bin/yarn add --dev @babel/runtime/regenerator

PATH: 
  /Users/ably/.avn/bin:/Users/ably/.nvm/versions/node/v11.2.0/bin:/usr/local/sbin:/usr/local/Cellar:/Users/ably/.composer/vendor/bin:/usr/local/bin:/usr/local/bin:/usr/bin:/bin:/usr/sbin:/sbin

Yarn version: 
  1.17.3

Node version: 
  11.2.0

Platform: 
  darwin x64

Trace: 
  Error: https://registry.yarnpkg.com/@babel%2fruntime/regenerator: Request "https://registry.yarnpkg.com/@babel%2fruntime/regenerator" returned a 405
      at Request.params.callback [as _callback] (/Users/ably/.nvm/versions/node/v11.2.0/lib/node_modules/yarn/lib/cli.js:66839:18)
      at Request.self.callback (/Users/ably/.nvm/versions/node/v11.2.0/lib/node_modules/yarn/lib/cli.js:140464:22)
      at Request.emit (events.js:182:13)
      at Request.<anonymous> (/Users/ably/.nvm/versions/node/v11.2.0/lib/node_modules/yarn/lib/cli.js:141436:10)
      at Request.emit (events.js:182:13)
      at IncomingMessage.<anonymous> (/Users/ably/.nvm/versions/node/v11.2.0/lib/node_modules/yarn/lib/cli.js:141358:12)
      at Object.onceWrapper (events.js:273:13)
      at IncomingMessage.emit (events.js:187:15)
      at endReadableNT (_stream_readable.js:1098:12)
      at process.internalTickCallback (internal/process/next_tick.js:72:19)

npm manifest: 
  {
    "name": "@lapress/frontend-core",
    "version": "0.0.1",
    "main": "index.js",
    "repository": "git@github.com:lapress/frontend-core.git",
    "author": "Sebastian Szczepanski <sebastian@ably.pl>",
    "license": "MIT",
    "files": [
      "src/*"
    ],
    "dependencies": {
      "lodash.merge": "^4.6.2",
      "vue-blu": "^0.1.9"
    },
    "devDependencies": {
      "bodybuilder": "^2.2.17",
      "elasticsearch": "^16.3.0"
    }
  }

yarn manifest: 
  No manifest

Lockfile: 
  # THIS IS AN AUTOGENERATED FILE. DO NOT EDIT THIS FILE DIRECTLY.
  # yarn lockfile v1
  
  
  agentkeepalive@^3.4.1:
    version "3.5.2"
    resolved "https://registry.yarnpkg.com/agentkeepalive/-/agentkeepalive-3.5.2.tgz#a113924dd3fa24a0bc3b78108c450c2abee00f67"
    integrity sha512-e0L/HNe6qkQ7H19kTlRRqUibEAwDK5AFk6y3PtMsuut2VAH6+Q4xZml1tNDJD7kSAyqmbG/K08K5WEJYtUrSlQ==
    dependencies:
      humanize-ms "^1.2.1"
  
  ansi-regex@^2.0.0:
    version "2.1.1"
    resolved "https://registry.yarnpkg.com/ansi-regex/-/ansi-regex-2.1.1.tgz#c3b33ab5ee360d86e0e628f0468ae7ef27d654df"
    integrity sha1-w7M6te42DYbg5ijwRorn7yfWVN8=
  
  ansi-styles@^2.2.1:
    version "2.2.1"
    resolved "https://registry.yarnpkg.com/ansi-styles/-/ansi-styles-2.2.1.tgz#b432dd3358b634cf75e1e4664368240533c1ddbe"
    integrity sha1-tDLdM1i2NM914eRmQ2gkBTPB3b4=
  
  bodybuilder@^2.2.17:
    version "2.2.17"
    resolved "https://registry.yarnpkg.com/bodybuilder/-/bodybuilder-2.2.17.tgz#26600c9e5e493ea09484d1dc1815ae2fd9f9c2d9"
    integrity sha512-k6em1H73zJS7LtCdcYB/88U8OIV0Z7eDh6SWBn3r7kZ/tw+hI58cK+6w6mnpCvGUcMrIDd0skf+z2bgLkx/Uug==
    dependencies:
      lodash "^4.17.11"
  
  bulma@^0.2.3:
    version "0.2.3"
    resolved "https://registry.yarnpkg.com/bulma/-/bulma-0.2.3.tgz#086394c65e74aa8081e658bdcf6742f81107936e"
    integrity sha1-CGOUxl50qoCB5li9z2dC+BEHk24=
  
  chalk@^1.0.0:
    version "1.1.3"
    resolved "https://registry.yarnpkg.com/chalk/-/chalk-1.1.3.tgz#a8115c55e4a702fe4d150abd3872822a7e09fc98"
    integrity sha1-qBFcVeSnAv5NFQq9OHKCKn4J/Jg=
    dependencies:
      ansi-styles "^2.2.1"
      escape-string-regexp "^1.0.2"
      has-ansi "^2.0.0"
      strip-ansi "^3.0.0"
      supports-color "^2.0.0"
  
  elasticsearch@^16.3.0:
    version "16.3.0"
    resolved "https://registry.yarnpkg.com/elasticsearch/-/elasticsearch-16.3.0.tgz#d8268e5dcb0d01e76b705bac8f8665cc557d5163"
    integrity sha512-Xy4vma+YJD2I3vudoV5RIgcMFnc/69SVef/BGOtmicvgUdzYs5mLY66FIANb5KnVS60i+zsnhvf/bYJYJklBsg==
    dependencies:
      agentkeepalive "^3.4.1"
      chalk "^1.0.0"
      lodash "^4.17.10"
  
  escape-string-regexp@^1.0.2:
    version "1.0.5"
    resolved "https://registry.yarnpkg.com/escape-string-regexp/-/escape-string-regexp-1.0.5.tgz#1b61c0562190a8dff6ae3bb2cf0200ca130b86d4"
    integrity sha1-G2HAViGQqN/2rjuyzwIAyhMLhtQ=
  
  flatpickr@^2.2.4:
    version "2.6.3"
    resolved "https://registry.yarnpkg.com/flatpickr/-/flatpickr-2.6.3.tgz#457357532deb135f3da64b425bf4435737961564"
    integrity sha1-RXNXUy3rE189pktCW/RDVzeWFWQ=
  
  font-awesome@^4.7.0:
    version "4.7.0"
    resolved "https://registry.yarnpkg.com/font-awesome/-/font-awesome-4.7.0.tgz#8fa8cf0411a1a31afd07b06d2902bb9fc815a133"
    integrity sha1-j6jPBBGhoxr9B7BtKQK7n8gVoTM=
  
  has-ansi@^2.0.0:
    version "2.0.0"
    resolved "https://registry.yarnpkg.com/has-ansi/-/has-ansi-2.0.0.tgz#34f5049ce1ecdf2b0649af3ef24e45ed35416d91"
    integrity sha1-NPUEnOHs3ysGSa8+8k5F7TVBbZE=
    dependencies:
      ansi-regex "^2.0.0"
  
  humanize-ms@^1.2.1:
    version "1.2.1"
    resolved "https://registry.yarnpkg.com/humanize-ms/-/humanize-ms-1.2.1.tgz#c46e3159a293f6b896da29316d8b6fe8bb79bbed"
    integrity sha1-xG4xWaKT9riW2ikxbYtv6Lt5u+0=
    dependencies:
      ms "^2.0.0"
  
  jump.js@^1.0.1:
    version "1.0.2"
    resolved "https://registry.yarnpkg.com/jump.js/-/jump.js-1.0.2.tgz#e0641b47f40a38f2139c25fda0500bf28e43015a"
    integrity sha1-4GQbR/QKOPITnCX9oFAL8o5DAVo=
  
  lodash.merge@^4.6.2:
    version "4.6.2"
    resolved "https://registry.yarnpkg.com/lodash.merge/-/lodash.merge-4.6.2.tgz#558aa53b43b661e1925a0afdfa36a9a1085fe57a"
    integrity sha512-0KpjqXRVvrYyCsX1swR/XTK0va6VQkQM6MNo7PqW77ByjAhoARA8EfrP1N4+KlKj8YS0ZUCtRT/YUuhyYDujIQ==
  
  lodash@^4.17.10, lodash@^4.17.11, lodash@^4.17.2:
    version "4.17.15"
    resolved "https://registry.yarnpkg.com/lodash/-/lodash-4.17.15.tgz#b447f6670a0455bbfeedd11392eff330ea097548"
    integrity sha512-8xOcRHvCjnocdS5cpwXQXVzmmh5e5+saE2QGoeQmbKmRS6J3VQppPOIt0MnmE+4xlZoumy0GPG0D0MVIQbNA1A==
  
  ms@^2.0.0:
    version "2.1.2"
    resolved "https://registry.yarnpkg.com/ms/-/ms-2.1.2.tgz#d09d1f357b443f493382a8eb3ccd183872ae6009"
    integrity sha512-sGkPx+VjMtmA6MX27oA4FBFELFCZZ4S4XqeGOXCv68tT+jb3vk/RyaKWP0PTKyWtmLSM0b+adUTEvbs1PEaH2w==
  
  popper.js@^0.6.4:
    version "0.6.4"
    resolved "https://registry.yarnpkg.com/popper.js/-/popper.js-0.6.4.tgz#1837c4760af54d2bb20b66f9c09b92993d84c629"
    integrity sha1-GDfEdgr1TSuyC2b5wJuSmT2Exik=
  
  strip-ansi@^3.0.0:
    version "3.0.1"
    resolved "https://registry.yarnpkg.com/strip-ansi/-/strip-ansi-3.0.1.tgz#6a385fb8853d952d5ff05d0e8aaf94278dc63dcf"
    integrity sha1-ajhfuIU9lS1f8F0Oiq+UJ43GPc8=
    dependencies:
      ansi-regex "^2.0.0"
  
  supports-color@^2.0.0:
    version "2.0.0"
    resolved "https://registry.yarnpkg.com/supports-color/-/supports-color-2.0.0.tgz#535d045ce6b6363fa40117084629995e9df324c7"
    integrity sha1-U10EXOa2Nj+kARcIRimZXp3zJMc=
  
  vue-blu@^0.1.9:
    version "0.1.9"
    resolved "https://registry.yarnpkg.com/vue-blu/-/vue-blu-0.1.9.tgz#054c04686dd2688979741550aa5e560a683ff90c"
    integrity sha1-BUwEaG3SaIl5dBVQql5WCmg/+Qw=
    dependencies:
      bulma "^0.2.3"
      flatpickr "^2.2.4"
      font-awesome "^4.7.0"
      jump.js "^1.0.1"
      lodash "^4.17.2"
      popper.js "^0.6.4"
      vue "^2.1.10"
  
  vue@^2.1.10:
    version "2.6.10"
    resolved "https://registry.yarnpkg.com/vue/-/vue-2.6.10.tgz#a72b1a42a4d82a721ea438d1b6bf55e66195c637"
    integrity sha512-ImThpeNU9HbdZL3utgMCq0oiMzAkt1mcgy3/E6zWC/G6AaQoeuFdsl9nDhTDU3X1R6FK7nsIUuRACVcjI+A2GQ==
